NOTE: Picked up JDK_JAVA_OPTIONS:  --add-opens=java.base/java.lang=ALL-UNNAMED --add-opens=java.base/java.io=ALL-UNNAMED --add-opens=java.base/java.util=ALL-UNNAMED --add-opens=java.base/java.util.concurrent=ALL-UNNAMED --add-opens=java.rmi/sun.rmi.transport=ALL-UNNAMED
04-Sep-2024 15:19:37.591 INFO [main] org.apache.catalina.startup.VersionLoggerListener.log 서버 버전 이름:    Apache Tomcat/9.0.93
04-Sep-2024 15:19:37.594 INFO [main] org.apache.catalina.startup.VersionLoggerListener.log Server 빌드 시각:  Aug 2 2024 21:24:59 UTC
04-Sep-2024 15:19:37.595 INFO [main] org.apache.catalina.startup.VersionLoggerListener.log Server 버전 번호:  9.0.93.0
04-Sep-2024 15:19:37.595 INFO [main] org.apache.catalina.startup.VersionLoggerListener.log 운영체제 이름:     Windows 10
04-Sep-2024 15:19:37.596 INFO [main] org.apache.catalina.startup.VersionLoggerListener.log 운영체제 버전:     10.0
04-Sep-2024 15:19:37.596 INFO [main] org.apache.catalina.startup.VersionLoggerListener.log 아키텍처:          amd64
04-Sep-2024 15:19:37.596 INFO [main] org.apache.catalina.startup.VersionLoggerListener.log 자바 홈:           C:\Program Files\java\jdk-17.0.11
04-Sep-2024 15:19:37.596 INFO [main] org.apache.catalina.startup.VersionLoggerListener.log JVM 버전:          17.0.11+7-LTS-207
04-Sep-2024 15:19:37.596 INFO [main] org.apache.catalina.startup.VersionLoggerListener.log JVM 벤더:          Oracle Corporation
04-Sep-2024 15:19:37.596 INFO [main] org.apache.catalina.startup.VersionLoggerListener.log CATALINA_BASE:     C:\Users\82102\Desktop\DevelopTool\apache-tomcat-9.0.93
04-Sep-2024 15:19:37.596 INFO [main] org.apache.catalina.startup.VersionLoggerListener.log CATALINA_HOME:     C:\Users\82102\Desktop\DevelopTool\apache-tomcat-9.0.93
04-Sep-2024 15:19:37.606 INFO [main] org.apache.catalina.startup.VersionLoggerListener.log 명령 행 아규먼트:  --add-opens=java.base/java.lang=ALL-UNNAMED
04-Sep-2024 15:19:37.607 INFO [main] org.apache.catalina.startup.VersionLoggerListener.log 명령 행 아규먼트:  --add-opens=java.base/java.io=ALL-UNNAMED
04-Sep-2024 15:19:37.607 INFO [main] org.apache.catalina.startup.VersionLoggerListener.log 명령 행 아규먼트:  --add-opens=java.base/java.util=ALL-UNNAMED
04-Sep-2024 15:19:37.607 INFO [main] org.apache.catalina.startup.VersionLoggerListener.log 명령 행 아규먼트:  --add-opens=java.base/java.util.concurrent=ALL-UNNAMED
04-Sep-2024 15:19:37.607 INFO [main] org.apache.catalina.startup.VersionLoggerListener.log 명령 행 아규먼트:  --add-opens=java.rmi/sun.rmi.transport=ALL-UNNAMED
04-Sep-2024 15:19:37.607 INFO [main] org.apache.catalina.startup.VersionLoggerListener.log 명령 행 아규먼트:  -Djava.util.logging.config.file=C:/Users/82102/Desktop/DevelopTool/apache-tomcat-9.0.93/conf/logging.properties
04-Sep-2024 15:19:37.607 INFO [main] org.apache.catalina.startup.VersionLoggerListener.log 명령 행 아규먼트:  -Djava.util.logging.manager=org.apache.juli.ClassLoaderLogManager
04-Sep-2024 15:19:37.608 INFO [main] org.apache.catalina.startup.VersionLoggerListener.log 명령 행 아규먼트:  -Djdk.tls.ephemeralDHKeySize=2048
04-Sep-2024 15:19:37.608 INFO [main] org.apache.catalina.startup.VersionLoggerListener.log 명령 행 아규먼트:  -Djava.protocol.handler.pkgs=org.apache.catalina.webresources
04-Sep-2024 15:19:37.608 INFO [main] org.apache.catalina.startup.VersionLoggerListener.log 명령 행 아규먼트:  -Dorg.apache.catalina.security.SecurityListener.UMASK=0027
04-Sep-2024 15:19:37.609 INFO [main] org.apache.catalina.startup.VersionLoggerListener.log 명령 행 아규먼트:  -Dignore.endorsed.dirs=
04-Sep-2024 15:19:37.609 INFO [main] org.apache.catalina.startup.VersionLoggerListener.log 명령 행 아규먼트:  -Dcatalina.base=C:/Users/82102/Desktop/DevelopTool/apache-tomcat-9.0.93
04-Sep-2024 15:19:37.609 INFO [main] org.apache.catalina.startup.VersionLoggerListener.log 명령 행 아규먼트:  -Dcatalina.home=C:/Users/82102/Desktop/DevelopTool/apache-tomcat-9.0.93
04-Sep-2024 15:19:37.609 INFO [main] org.apache.catalina.startup.VersionLoggerListener.log 명령 행 아규먼트:  -Djava.io.tmpdir=C:/Users/82102/Desktop/DevelopTool/apache-tomcat-9.0.93/temp
04-Sep-2024 15:19:37.612 INFO [main] org.apache.catalina.core.AprLifecycleListener.lifecycleEvent APR 버전 [1.7.4]을(를) 사용한, APR 기반 Apache Tomcat Native 라이브러리 [1.3.1]을(를) 로드했습니다.
04-Sep-2024 15:19:37.612 INFO [main] org.apache.catalina.core.AprLifecycleListener.lifecycleEvent APR 용량정보들: IPv6 [true], sendfile [true], accept filters [false], random [true], UDS [true].
04-Sep-2024 15:19:37.612 INFO [main] org.apache.catalina.core.AprLifecycleListener.lifecycleEvent APR/OpenSSL 설정: useAprConnector [false], useOpenSSL [true]
04-Sep-2024 15:19:37.620 INFO [main] org.apache.catalina.core.AprLifecycleListener.initializeSSL OpenSSL이 성공적으로 초기화되었습니다: [OpenSSL 3.0.14 4 Jun 2024]
04-Sep-2024 15:19:37.878 INFO [main] org.apache.coyote.AbstractProtocol.init 프로토콜 핸들러 ["http-nio-8080"]을(를) 초기화합니다.
04-Sep-2024 15:19:37.912 INFO [main] org.apache.catalina.startup.Catalina.load [553] 밀리초 내에 서버가 초기화되었습니다.
04-Sep-2024 15:19:37.976 INFO [main] org.apache.catalina.core.StandardService.startInternal 서비스 [Catalina]을(를) 시작합니다.
04-Sep-2024 15:19:37.976 INFO [main] org.apache.catalina.core.StandardEngine.startInternal 서버 엔진을 시작합니다: [Apache Tomcat/9.0.93]
04-Sep-2024 15:19:37.995 INFO [main] org.apache.catalina.startup.HostConfig.deployDirectory 웹 애플리케이션 디렉토리 [C:\Users\82102\Desktop\DevelopTool\apache-tomcat-9.0.93\webapps\docs]을(를) 배치합니다.
04-Sep-2024 15:19:38.446 INFO [main] org.apache.jasper.servlet.TldScanner.scanJars 적어도 하나의 JAR가 TLD들을 찾기 위해 스캔되었으나 아무 것도 찾지 못했습니다. 스캔했으나 TLD가 없는 JAR들의 전체 목록을 보시려면, 로그 레벨을 디버그 레벨로 설정하십시오. 스캔 과정에서 불필요한 JAR들을 건너뛰면, 시스템 시작 시간과 JSP 컴파일 시간을 단축시킬 수 있습니다.
04-Sep-2024 15:19:38.553 INFO [main] org.apache.catalina.startup.HostConfig.deployDirectory 웹 애플리케이션 디렉토리 [C:\Users\82102\Desktop\DevelopTool\apache-tomcat-9.0.93\webapps\docs]에 대한 배치가 [558] 밀리초에 완료되었습니다.
04-Sep-2024 15:19:38.554 INFO [main] org.apache.catalina.startup.HostConfig.deployDirectory 웹 애플리케이션 디렉토리 [C:\Users\82102\Desktop\DevelopTool\apache-tomcat-9.0.93\webapps\examples]을(를) 배치합니다.
04-Sep-2024 15:19:39.018 INFO [main] org.apache.jasper.servlet.TldScanner.scanJars 적어도 하나의 JAR가 TLD들을 찾기 위해 스캔되었으나 아무 것도 찾지 못했습니다. 스캔했으나 TLD가 없는 JAR들의 전체 목록을 보시려면, 로그 레벨을 디버그 레벨로 설정하십시오. 스캔 과정에서 불필요한 JAR들을 건너뛰면, 시스템 시작 시간과 JSP 컴파일 시간을 단축시킬 수 있습니다.
04-Sep-2024 15:19:39.131 INFO [main] org.apache.catalina.startup.HostConfig.deployDirectory 웹 애플리케이션 디렉토리 [C:\Users\82102\Desktop\DevelopTool\apache-tomcat-9.0.93\webapps\examples]에 대한 배치가 [577] 밀리초에 완료되었습니다.
04-Sep-2024 15:19:39.132 INFO [main] org.apache.catalina.startup.HostConfig.deployDirectory 웹 애플리케이션 디렉토리 [C:\Users\82102\Desktop\DevelopTool\apache-tomcat-9.0.93\webapps\host-manager]을(를) 배치합니다.
04-Sep-2024 15:19:39.209 INFO [main] org.apache.jasper.servlet.TldScanner.scanJars 적어도 하나의 JAR가 TLD들을 찾기 위해 스캔되었으나 아무 것도 찾지 못했습니다. 스캔했으나 TLD가 없는 JAR들의 전체 목록을 보시려면, 로그 레벨을 디버그 레벨로 설정하십시오. 스캔 과정에서 불필요한 JAR들을 건너뛰면, 시스템 시작 시간과 JSP 컴파일 시간을 단축시킬 수 있습니다.
04-Sep-2024 15:19:39.220 INFO [main] org.apache.catalina.startup.HostConfig.deployDirectory 웹 애플리케이션 디렉토리 [C:\Users\82102\Desktop\DevelopTool\apache-tomcat-9.0.93\webapps\host-manager]에 대한 배치가 [87] 밀리초에 완료되었습니다.
04-Sep-2024 15:19:39.220 INFO [main] org.apache.catalina.startup.HostConfig.deployDirectory 웹 애플리케이션 디렉토리 [C:\Users\82102\Desktop\DevelopTool\apache-tomcat-9.0.93\webapps\manager]을(를) 배치합니다.
04-Sep-2024 15:19:39.307 INFO [main] org.apache.jasper.servlet.TldScanner.scanJars 적어도 하나의 JAR가 TLD들을 찾기 위해 스캔되었으나 아무 것도 찾지 못했습니다. 스캔했으나 TLD가 없는 JAR들의 전체 목록을 보시려면, 로그 레벨을 디버그 레벨로 설정하십시오. 스캔 과정에서 불필요한 JAR들을 건너뛰면, 시스템 시작 시간과 JSP 컴파일 시간을 단축시킬 수 있습니다.
04-Sep-2024 15:19:39.312 INFO [main] org.apache.catalina.startup.HostConfig.deployDirectory 웹 애플리케이션 디렉토리 [C:\Users\82102\Desktop\DevelopTool\apache-tomcat-9.0.93\webapps\manager]에 대한 배치가 [91] 밀리초에 완료되었습니다.
04-Sep-2024 15:19:39.312 INFO [main] org.apache.catalina.startup.HostConfig.deployDirectory 웹 애플리케이션 디렉토리 [C:\Users\82102\Desktop\DevelopTool\apache-tomcat-9.0.93\webapps\ROOT]을(를) 배치합니다.
04-Sep-2024 15:19:39.380 INFO [main] org.apache.jasper.servlet.TldScanner.scanJars 적어도 하나의 JAR가 TLD들을 찾기 위해 스캔되었으나 아무 것도 찾지 못했습니다. 스캔했으나 TLD가 없는 JAR들의 전체 목록을 보시려면, 로그 레벨을 디버그 레벨로 설정하십시오. 스캔 과정에서 불필요한 JAR들을 건너뛰면, 시스템 시작 시간과 JSP 컴파일 시간을 단축시킬 수 있습니다.
04-Sep-2024 15:19:39.384 INFO [main] org.apache.catalina.startup.HostConfig.deployDirectory 웹 애플리케이션 디렉토리 [C:\Users\82102\Desktop\DevelopTool\apache-tomcat-9.0.93\webapps\ROOT]에 대한 배치가 [72] 밀리초에 완료되었습니다.
04-Sep-2024 15:19:39.392 INFO [main] org.apache.coyote.AbstractProtocol.start 프로토콜 핸들러 ["http-nio-8080"]을(를) 시작합니다.
04-Sep-2024 15:19:39.471 INFO [main] org.apache.catalina.startup.Catalina.start 서버가 [1557] 밀리초 내에 시작되었습니다.
04-Sep-2024 15:19:59.420 INFO [Catalina-utility-1] org.apache.catalina.startup.HostConfig.deployDirectory 웹 애플리케이션 디렉토리 [C:\Users\82102\Desktop\DevelopTool\apache-tomcat-9.0.93\webapps\jenkins]을(를) 배치합니다.
04-Sep-2024 15:20:02.740 INFO [Catalina-utility-1] org.apache.jasper.servlet.TldScanner.scanJars 적어도 하나의 JAR가 TLD들을 찾기 위해 스캔되었으나 아무 것도 찾지 못했습니다. 스캔했으나 TLD가 없는 JAR들의 전체 목록을 보시려면, 로그 레벨을 디버그 레벨로 설정하십시오. 스캔 과정에서 불필요한 JAR들을 건너뛰면, 시스템 시작 시간과 JSP 컴파일 시간을 단축시킬 수 있습니다.
04-Sep-2024 15:20:03.450 INFO [Catalina-utility-1] hudson.WebAppMain.contextInitialized Jenkins home directory: C:\Users\82102\.jenkins found at: $user.home/.jenkins
04-Sep-2024 15:20:03.588 INFO [Catalina-utility-1] org.apache.catalina.startup.HostConfig.deployDirectory 웹 애플리케이션 디렉토리 [C:\Users\82102\Desktop\DevelopTool\apache-tomcat-9.0.93\webapps\jenkins]에 대한 배치가 [4,169] 밀리초에 완료되었습니다.
04-Sep-2024 15:20:04.124 INFO [pool-7-thread-3] jenkins.InitReactorRunner$1.onAttained Started initialization
04-Sep-2024 15:20:04.190 INFO [pool-7-thread-24] jenkins.InitReactorRunner$1.onAttained Listed all plugins
04-Sep-2024 15:20:05.697 INFO [pool-7-thread-32] jenkins.InitReactorRunner$1.onAttained Prepared all plugins
04-Sep-2024 15:20:05.713 INFO [pool-7-thread-4] jenkins.InitReactorRunner$1.onAttained Started all plugins
04-Sep-2024 15:20:05.728 INFO [pool-7-thread-12] jenkins.InitReactorRunner$1.onAttained Augmented all extensions
04-Sep-2024 15:20:06.238 INFO [pool-7-thread-22] jenkins.InitReactorRunner$1.onAttained System config loaded
04-Sep-2024 15:20:06.239 INFO [pool-7-thread-27] jenkins.InitReactorRunner$1.onAttained System config adapted
04-Sep-2024 15:20:06.239 INFO [pool-7-thread-13] jenkins.InitReactorRunner$1.onAttained Loaded all jobs
04-Sep-2024 15:20:06.242 INFO [pool-7-thread-16] jenkins.InitReactorRunner$1.onAttained Configuration for all jobs updated
04-Sep-2024 15:20:06.295 INFO [Finalizing set up] jenkins.install.SetupWizard.init 

*************************************************************
*************************************************************
*************************************************************

Jenkins initial setup is required. An admin user has been created and a password generated.
Please use the following password to proceed to installation:

2a1b4dbbee7b4140be4335b72815fd86

This may also be found at: C:\Users\82102\.jenkins\secrets\initialAdminPassword

*************************************************************
*************************************************************
*************************************************************

04-Sep-2024 15:20:12.437 INFO [pool-7-thread-20] jenkins.InitReactorRunner$1.onAttained Completed initialization
04-Sep-2024 15:20:12.478 INFO [Jenkins initialization thread] hudson.lifecycle.Lifecycle.onReady Jenkins is fully up and running
04-Sep-2024 15:20:14.194 INFO [main] org.apache.catalina.core.StandardServer.await 셧다운 포트를 통해 유효한 셧다운 명령을 받았습니다. 서버 인스턴스를 중지시킵니다.
04-Sep-2024 15:20:14.195 INFO [main] org.apache.coyote.AbstractProtocol.pause 프로토콜 핸들러 ["http-nio-8080"]을(를) 일시 정지 중
04-Sep-2024 15:20:14.518 INFO [main] org.apache.catalina.core.StandardService.stopInternal 서비스 [Catalina]을(를) 중지시킵니다.
04-Sep-2024 15:20:14.524 INFO [main] hudson.lifecycle.Lifecycle.onStatusUpdate Stopping Jenkins
04-Sep-2024 15:20:14.546 INFO [main] jenkins.model.Jenkins$16.onAttained Started termination
04-Sep-2024 15:20:14.560 INFO [main] jenkins.model.Jenkins$16.onAttained Completed termination
04-Sep-2024 15:20:14.560 INFO [main] jenkins.model.Jenkins._cleanUpDisconnectComputers Starting node disconnection
04-Sep-2024 15:20:14.566 INFO [main] jenkins.model.Jenkins._cleanUpShutdownPluginManager Stopping plugin manager
04-Sep-2024 15:20:14.567 INFO [main] jenkins.model.Jenkins._cleanUpPersistQueue Persisting build queue
04-Sep-2024 15:20:14.582 INFO [main] jenkins.model.Jenkins._cleanUpAwaitDisconnects Waiting for node disconnection completion
04-Sep-2024 15:20:14.582 INFO [main] hudson.lifecycle.Lifecycle.onStatusUpdate Jenkins stopped
04-Sep-2024 15:20:14.584 WARNING [main] org.apache.catalina.loader.WebappClassLoaderBase.clearReferencesThreads 웹 애플리케이션 [jenkins]이(가) [hudson.util.AtomicFileWriter.cleaner [#1]](이)라는 이름의 쓰레드를 시작시킨 것으로 보이지만, 해당 쓰레드를 중지시키지 못했습니다. 이는 메모리 누수를 유발할 가능성이 큽니다. 해당 쓰레드의 스택 트레이스:
 java.base@17.0.11/java.lang.Object.wait(Native Method)
 java.base@17.0.11/java.lang.ref.ReferenceQueue.remove(ReferenceQueue.java:155)
 java.base@17.0.11/jdk.internal.ref.CleanerImpl.run(CleanerImpl.java:140)
 java.base@17.0.11/java.lang.Thread.run(Thread.java:842)
04-Sep-2024 15:20:14.585 WARNING [main] org.apache.catalina.loader.WebappClassLoaderBase.clearReferencesThreads 웹 애플리케이션 [jenkins]이(가) [Computer.threadPoolForRemoting [#1]](이)라는 이름의 쓰레드를 시작시킨 것으로 보이지만, 해당 쓰레드를 중지시키지 못했습니다. 이는 메모리 누수를 유발할 가능성이 큽니다. 해당 쓰레드의 스택 트레이스:
 java.base@17.0.11/jdk.internal.misc.Unsafe.park(Native Method)
 java.base@17.0.11/java.util.concurrent.locks.LockSupport.parkNanos(LockSupport.java:252)
 java.base@17.0.11/java.util.concurrent.SynchronousQueue$TransferStack.transfer(SynchronousQueue.java:401)
 java.base@17.0.11/java.util.concurrent.SynchronousQueue.poll(SynchronousQueue.java:903)
 java.base@17.0.11/java.util.concurrent.ThreadPoolExecutor.getTask(ThreadPoolExecutor.java:1061)
 java.base@17.0.11/java.util.concurrent.ThreadPoolExecutor.runWorker(ThreadPoolExecutor.java:1122)
 java.base@17.0.11/java.util.concurrent.ThreadPoolExecutor$Worker.run(ThreadPoolExecutor.java:635)
 java.base@17.0.11/java.lang.Thread.run(Thread.java:842)
04-Sep-2024 15:20:14.585 WARNING [main] org.apache.catalina.loader.WebappClassLoaderBase.clearReferencesThreads 웹 애플리케이션 [jenkins]이(가) [Computer.threadPoolForRemoting [#2]](이)라는 이름의 쓰레드를 시작시킨 것으로 보이지만, 해당 쓰레드를 중지시키지 못했습니다. 이는 메모리 누수를 유발할 가능성이 큽니다. 해당 쓰레드의 스택 트레이스:
 java.base@17.0.11/jdk.internal.misc.Unsafe.park(Native Method)
 java.base@17.0.11/java.util.concurrent.locks.LockSupport.parkNanos(LockSupport.java:252)
 java.base@17.0.11/java.util.concurrent.SynchronousQueue$TransferStack.transfer(SynchronousQueue.java:401)
 java.base@17.0.11/java.util.concurrent.SynchronousQueue.poll(SynchronousQueue.java:903)
 java.base@17.0.11/java.util.concurrent.ThreadPoolExecutor.getTask(ThreadPoolExecutor.java:1061)
 java.base@17.0.11/java.util.concurrent.ThreadPoolExecutor.runWorker(ThreadPoolExecutor.java:1122)
 java.base@17.0.11/java.util.concurrent.ThreadPoolExecutor$Worker.run(ThreadPoolExecutor.java:635)
 java.base@17.0.11/java.lang.Thread.run(Thread.java:842)
04-Sep-2024 15:20:14.586 SEVERE [main] org.apache.catalina.loader.WebappClassLoaderBase.checkThreadLocalMapForLeaks 웹 애플리케이션 [jenkins]이(가), 타입 [java.lang.ThreadLocal]인 키와 (값: [java.lang.ThreadLocal@6a282fdd]) 타입 [org.springframework.security.core.context.ThreadLocalSecurityContextHolderStrategy$$Lambda$197/0x000001ce42294c10]인 값을 (값: [org.springframework.security.core.context.ThreadLocalSecurityContextHolderStrategy$$Lambda$197/0x000001ce42294c10@743c6ce4]) 사용하여 ThreadLocal 객체를 생성했지만, 웹 애플리케이션이 중지될 때 그것을 제거하지 못했습니다. 혹시 있을 법한 메모리 누수를 방지하기 위하여, 시간을 두고 쓰레드들을 재생성할 것입니다.
04-Sep-2024 15:20:14.586 SEVERE [main] org.apache.catalina.loader.WebappClassLoaderBase.checkThreadLocalMapForLeaks 웹 애플리케이션 [jenkins]이(가), 타입 [java.lang.ThreadLocal]인 키와 (값: [java.lang.ThreadLocal@6a282fdd]) 타입 [org.springframework.security.core.context.ThreadLocalSecurityContextHolderStrategy$$Lambda$197/0x000001ce42294c10]인 값을 (값: [org.springframework.security.core.context.ThreadLocalSecurityContextHolderStrategy$$Lambda$197/0x000001ce42294c10@70331432]) 사용하여 ThreadLocal 객체를 생성했지만, 웹 애플리케이션이 중지될 때 그것을 제거하지 못했습니다. 혹시 있을 법한 메모리 누수를 방지하기 위하여, 시간을 두고 쓰레드들을 재생성할 것입니다.
04-Sep-2024 15:20:14.586 SEVERE [main] org.apache.catalina.loader.WebappClassLoaderBase.checkThreadLocalMapForLeaks 웹 애플리케이션 [jenkins]이(가), 타입 [java.lang.ThreadLocal]인 키와 (값: [java.lang.ThreadLocal@6a282fdd]) 타입 [org.springframework.security.core.context.ThreadLocalSecurityContextHolderStrategy$$Lambda$197/0x000001ce42294c10]인 값을 (값: [org.springframework.security.core.context.ThreadLocalSecurityContextHolderStrategy$$Lambda$197/0x000001ce42294c10@3bbf9027]) 사용하여 ThreadLocal 객체를 생성했지만, 웹 애플리케이션이 중지될 때 그것을 제거하지 못했습니다. 혹시 있을 법한 메모리 누수를 방지하기 위하여, 시간을 두고 쓰레드들을 재생성할 것입니다.
04-Sep-2024 15:20:14.599 INFO [main] org.apache.coyote.AbstractProtocol.stop 프로토콜 핸들러 ["http-nio-8080"]을(를) 중지시킵니다.
04-Sep-2024 15:20:14.607 INFO [main] org.apache.coyote.AbstractProtocol.destroy 프로토콜 핸들러 ["http-nio-8080"]을(를) 소멸시킵니다.
