04-Sep-2024 14:00:25.513 INFO [main] org.apache.catalina.core.ApplicationContext.log ContextListener: contextInitialized()
04-Sep-2024 14:00:25.513 INFO [main] org.apache.catalina.core.ApplicationContext.log SessionListener: contextInitialized()
04-Sep-2024 14:00:25.516 INFO [main] org.apache.catalina.core.ApplicationContext.log ContextListener: attributeAdded('StockTicker', 'async.Stockticker@2c0f7678')
04-Sep-2024 14:01:39.383 INFO [main] org.apache.catalina.core.ApplicationContext.log No Spring WebApplicationInitializer types detected on classpath
04-Sep-2024 14:01:41.086 INFO [main] org.apache.catalina.core.ApplicationContext.log ContextListener: contextInitialized()
04-Sep-2024 14:01:41.086 INFO [main] org.apache.catalina.core.ApplicationContext.log SessionListener: contextInitialized()
04-Sep-2024 14:01:41.090 INFO [main] org.apache.catalina.core.ApplicationContext.log ContextListener: attributeAdded('StockTicker', 'async.Stockticker@f7ee1ba')
04-Sep-2024 14:03:01.331 INFO [Thread-2] org.apache.catalina.core.ApplicationContext.log SessionListener: contextDestroyed()
04-Sep-2024 14:03:01.331 INFO [Thread-2] org.apache.catalina.core.ApplicationContext.log ContextListener: contextDestroyed()
04-Sep-2024 14:03:23.866 INFO [main] org.apache.catalina.core.ApplicationContext.log No Spring WebApplicationInitializer types detected on classpath
04-Sep-2024 14:03:25.565 INFO [main] org.apache.catalina.core.ApplicationContext.log ContextListener: contextInitialized()
04-Sep-2024 14:03:25.566 INFO [main] org.apache.catalina.core.ApplicationContext.log SessionListener: contextInitialized()
04-Sep-2024 14:03:25.570 INFO [main] org.apache.catalina.core.ApplicationContext.log ContextListener: attributeAdded('StockTicker', 'async.Stockticker@749979f4')
04-Sep-2024 14:04:41.831 INFO [main] org.apache.catalina.core.ApplicationContext.log ContextListener: contextInitialized()
04-Sep-2024 14:04:41.831 INFO [main] org.apache.catalina.core.ApplicationContext.log SessionListener: contextInitialized()
04-Sep-2024 14:04:41.833 INFO [main] org.apache.catalina.core.ApplicationContext.log ContextListener: attributeAdded('StockTicker', 'async.Stockticker@18ca3c62')
04-Sep-2024 14:04:45.105 INFO [main] org.apache.catalina.core.ApplicationContext.log No Spring WebApplicationInitializer types detected on classpath
04-Sep-2024 14:09:10.030 INFO [main] org.apache.catalina.core.ApplicationContext.log ContextListener: contextInitialized()
04-Sep-2024 14:09:10.030 INFO [main] org.apache.catalina.core.ApplicationContext.log SessionListener: contextInitialized()
04-Sep-2024 14:09:10.032 INFO [main] org.apache.catalina.core.ApplicationContext.log ContextListener: attributeAdded('StockTicker', 'async.Stockticker@18ca3c62')
04-Sep-2024 14:09:13.221 INFO [main] org.apache.catalina.core.ApplicationContext.log No Spring WebApplicationInitializer types detected on classpath
04-Sep-2024 15:10:16.353 INFO [Thread-2] org.apache.catalina.core.ApplicationContext.log SessionListener: contextDestroyed()
04-Sep-2024 15:10:16.353 INFO [Thread-2] org.apache.catalina.core.ApplicationContext.log ContextListener: contextDestroyed()
04-Sep-2024 15:11:14.590 INFO [main] org.apache.catalina.core.ApplicationContext.log ContextListener: contextInitialized()
04-Sep-2024 15:11:14.590 INFO [main] org.apache.catalina.core.ApplicationContext.log SessionListener: contextInitialized()
04-Sep-2024 15:11:14.593 INFO [main] org.apache.catalina.core.ApplicationContext.log ContextListener: attributeAdded('StockTicker', 'async.Stockticker@18ca3c62')
04-Sep-2024 15:11:17.767 INFO [main] org.apache.catalina.core.ApplicationContext.log No Spring WebApplicationInitializer types detected on classpath
04-Sep-2024 15:17:13.254 INFO [main] org.apache.catalina.core.ApplicationContext.log SessionListener: contextDestroyed()
04-Sep-2024 15:17:13.254 INFO [main] org.apache.catalina.core.ApplicationContext.log ContextListener: contextDestroyed()
04-Sep-2024 15:17:39.282 INFO [main] org.apache.catalina.core.ApplicationContext.log ContextListener: contextInitialized()
04-Sep-2024 15:17:39.283 INFO [main] org.apache.catalina.core.ApplicationContext.log SessionListener: contextInitialized()
04-Sep-2024 15:17:39.285 INFO [main] org.apache.catalina.core.ApplicationContext.log ContextListener: attributeAdded('StockTicker', 'async.Stockticker@2c0f7678')
04-Sep-2024 15:17:42.637 INFO [main] org.apache.catalina.core.ApplicationContext.log No Spring WebApplicationInitializer types detected on classpath
04-Sep-2024 15:19:39.102 INFO [main] org.apache.catalina.core.ApplicationContext.log ContextListener: contextInitialized()
04-Sep-2024 15:19:39.103 INFO [main] org.apache.catalina.core.ApplicationContext.log SessionListener: contextInitialized()
04-Sep-2024 15:19:39.106 INFO [main] org.apache.catalina.core.ApplicationContext.log ContextListener: attributeAdded('StockTicker', 'async.Stockticker@17f460bb')
04-Sep-2024 15:19:41.096 INFO [main] org.apache.catalina.core.ApplicationContext.log ContextListener: contextInitialized()
04-Sep-2024 15:19:41.096 INFO [main] org.apache.catalina.core.ApplicationContext.log SessionListener: contextInitialized()
04-Sep-2024 15:19:41.099 INFO [main] org.apache.catalina.core.ApplicationContext.log ContextListener: attributeAdded('StockTicker', 'async.Stockticker@74518890')
04-Sep-2024 15:19:41.368 INFO [main] org.apache.catalina.core.ApplicationContext.log SessionListener: contextDestroyed()
04-Sep-2024 15:19:41.368 INFO [main] org.apache.catalina.core.ApplicationContext.log ContextListener: contextDestroyed()
04-Sep-2024 15:20:02.741 INFO [Catalina-utility-1] org.apache.catalina.core.ApplicationContext.log No Spring WebApplicationInitializer types detected on classpath
04-Sep-2024 15:20:14.590 INFO [main] org.apache.catalina.core.ApplicationContext.log SessionListener: contextDestroyed()
04-Sep-2024 15:20:14.590 INFO [main] org.apache.catalina.core.ApplicationContext.log ContextListener: contextDestroyed()
04-Sep-2024 15:20:34.208 INFO [main] org.apache.catalina.core.ApplicationContext.log No Spring WebApplicationInitializer types detected on classpath
04-Sep-2024 15:20:35.897 INFO [main] org.apache.catalina.core.ApplicationContext.log ContextListener: contextInitialized()
04-Sep-2024 15:20:35.897 INFO [main] org.apache.catalina.core.ApplicationContext.log SessionListener: contextInitialized()
04-Sep-2024 15:20:35.900 INFO [main] org.apache.catalina.core.ApplicationContext.log ContextListener: attributeAdded('StockTicker', 'async.Stockticker@13304692')
04-Sep-2024 15:42:47.979 INFO [main] org.apache.catalina.core.ApplicationContext.log SessionListener: contextDestroyed()
04-Sep-2024 15:42:47.979 INFO [main] org.apache.catalina.core.ApplicationContext.log ContextListener: contextDestroyed()
04-Sep-2024 15:42:54.740 INFO [main] org.apache.catalina.core.ApplicationContext.log No Spring WebApplicationInitializer types detected on classpath
04-Sep-2024 15:42:56.416 INFO [main] org.apache.catalina.core.ApplicationContext.log ContextListener: contextInitialized()
04-Sep-2024 15:42:56.416 INFO [main] org.apache.catalina.core.ApplicationContext.log SessionListener: contextInitialized()
04-Sep-2024 15:42:56.420 INFO [main] org.apache.catalina.core.ApplicationContext.log ContextListener: attributeAdded('StockTicker', 'async.Stockticker@362f4176')
04-Sep-2024 15:44:18.382 INFO [main] org.apache.catalina.core.ApplicationContext.log SessionListener: contextDestroyed()
04-Sep-2024 15:44:18.382 INFO [main] org.apache.catalina.core.ApplicationContext.log ContextListener: contextDestroyed()
04-Sep-2024 15:46:20.035 INFO [main] org.apache.catalina.core.ApplicationContext.log No Spring WebApplicationInitializer types detected on classpath
04-Sep-2024 15:46:21.543 INFO [main] org.apache.catalina.core.ApplicationContext.log ContextListener: contextInitialized()
04-Sep-2024 15:46:21.543 INFO [main] org.apache.catalina.core.ApplicationContext.log SessionListener: contextInitialized()
04-Sep-2024 15:46:21.549 INFO [main] org.apache.catalina.core.ApplicationContext.log ContextListener: attributeAdded('StockTicker', 'async.Stockticker@7f0bd5ed')
04-Sep-2024 15:48:54.565 INFO [main] org.apache.catalina.core.ApplicationContext.log SessionListener: contextDestroyed()
04-Sep-2024 15:48:54.565 INFO [main] org.apache.catalina.core.ApplicationContext.log ContextListener: contextDestroyed()
04-Sep-2024 15:49:00.938 INFO [main] org.apache.catalina.core.ApplicationContext.log No Spring WebApplicationInitializer types detected on classpath
04-Sep-2024 15:49:02.438 INFO [main] org.apache.catalina.core.ApplicationContext.log ContextListener: contextInitialized()
04-Sep-2024 15:49:02.438 INFO [main] org.apache.catalina.core.ApplicationContext.log SessionListener: contextInitialized()
04-Sep-2024 15:49:02.442 INFO [main] org.apache.catalina.core.ApplicationContext.log ContextListener: attributeAdded('StockTicker', 'async.Stockticker@12c2135e')
04-Sep-2024 15:50:53.973 INFO [main] org.apache.catalina.core.ApplicationContext.log SessionListener: contextDestroyed()
04-Sep-2024 15:50:53.973 INFO [main] org.apache.catalina.core.ApplicationContext.log ContextListener: contextDestroyed()
04-Sep-2024 15:51:00.044 INFO [main] org.apache.catalina.core.ApplicationContext.log No Spring WebApplicationInitializer types detected on classpath
04-Sep-2024 15:51:01.498 INFO [main] org.apache.catalina.core.ApplicationContext.log ContextListener: contextInitialized()
04-Sep-2024 15:51:01.498 INFO [main] org.apache.catalina.core.ApplicationContext.log SessionListener: contextInitialized()
04-Sep-2024 15:51:01.503 INFO [main] org.apache.catalina.core.ApplicationContext.log ContextListener: attributeAdded('StockTicker', 'async.Stockticker@2ee02596')
04-Sep-2024 16:02:56.695 INFO [main] org.apache.catalina.core.ApplicationContext.log SessionListener: contextDestroyed()
04-Sep-2024 16:02:56.695 INFO [main] org.apache.catalina.core.ApplicationContext.log ContextListener: contextDestroyed()
04-Sep-2024 16:03:02.256 INFO [main] org.apache.catalina.core.ApplicationContext.log No Spring WebApplicationInitializer types detected on classpath
04-Sep-2024 16:03:03.759 INFO [main] org.apache.catalina.core.ApplicationContext.log ContextListener: contextInitialized()
04-Sep-2024 16:03:03.759 INFO [main] org.apache.catalina.core.ApplicationContext.log SessionListener: contextInitialized()
04-Sep-2024 16:03:03.764 INFO [main] org.apache.catalina.core.ApplicationContext.log ContextListener: attributeAdded('StockTicker', 'async.Stockticker@12418bf')
04-Sep-2024 16:34:35.012 INFO [main] org.apache.catalina.core.ApplicationContext.log SessionListener: contextDestroyed()
04-Sep-2024 16:34:35.012 INFO [main] org.apache.catalina.core.ApplicationContext.log ContextListener: contextDestroyed()
